<?xml version="1.0" encoding="UTF-8"?>
<!-- Generated by org.testng.reporters.JUnitReportReporter -->
<testsuite hostname="Lab1-LucasG" name="com.sec.samsungfuteboltest.glue.Calculator" tests="1" failures="0" timestamp="27 Apr 2015 19:39:10 GMT" time="14.189" errors="0">
  <testcase name="verifyCalculator" time="14.189" classname="com.sec.samsungfuteboltest.glue.Calculator"/>
</testsuite> <!-- com.sec.samsungfuteboltest.glue.Calculator -->
