<?xml version="1.0" encoding="UTF-8"?>
<!-- Generated by org.testng.reporters.JUnitReportReporter -->
<testsuite hostname="Lab1-LucasG" name="com.sec.samsungfuteboltest.glue.ZoomPinch" tests="1" failures="0" timestamp="27 Apr 2015 19:39:10 GMT" time="15.286" errors="0">
  <testcase name="zoom" time="15.286" classname="com.sec.samsungfuteboltest.glue.ZoomPinch"/>
</testsuite> <!-- com.sec.samsungfuteboltest.glue.ZoomPinch -->
